[2020-05-12T16:29:07.650] [WARN] server - Server Listening HTTP On port:6000
[2020-05-12T16:29:07.653] [WARN] server - {
  port: 6000,
  path: 'E:\\myRepository\\mingou',
  subpath: 'application',
  proxy: true,
  outside: false,
  debug: true,
  cors: { origin: '*', maxAge: 3600 },
  log: { fileName: 'app', isCompress: false, keepDays: 30 },
  resources: {
    Mysql: Sequelize {
      options: [Object],
      config: [Object],
      dialect: [MysqlDialect],
      queryInterface: [QueryInterface],
      models: [Object],
      modelManager: [ModelManager],
      connectionManager: [ConnectionManager],
      importCache: [Object],
      Op: [Object]
    },
    Redis: Redis {
      options: [Object],
      _events: [Object: null prototype],
      _eventsCount: 2,
      _maxListeners: undefined,
      scriptsSet: {},
      commandQueue: [Denque],
      offlineQueue: [Denque],
      connectionEpoch: 1,
      connector: [StandaloneConnector],
      retryAttempts: 0,
      status: 'connecting',
      condition: [Object],
      stream: [Socket],
      [Symbol(kCapture)]: false
    }
  },
  tasks: [],
  middlewares: [ { file: 'token', switch: true, TokenName: 'Auth-Token' } ],
  static: false,
  i18n: false,
  maintenance: false,
  ips: [],
  unips: [],
  closes: [],
  CONTROLLER_PATH: 'E:\\myRepository\\mingou\\controllers\\application',
  TASK_PATH: 'E:\\myRepository\\mingou\\tasks\\application',
  MIDDLEWARE_PATH: 'E:\\myRepository\\mingou\\middlewares\\application',
  ROUTE_PATH: 'E:\\myRepository\\mingou\\routes\\application',
  MESSAGE_PATH: 'E:\\myRepository\\mingou\\messages\\application',
  LOG_PATH: 'E:\\myRepository\\mingou\\logs\\application',
  STATIC_PATH: 'E:\\myRepository\\mingou\\public\\application'
}
