[2020-05-23T17:36:12.570] [WARN] server - Server Listening HTTP On port:6000
[2020-05-23T17:36:12.573] [WARN] server - {
  port: 6000,
  path: '/Users/Mark/mingou',
  subpath: 'application',
  proxy: true,
  outside: false,
  debug: true,
  cors: { origin: '*', maxAge: 3600 },
  log: { fileName: 'app', isCompress: false, keepDays: 30 },
  resources: {
    Mysql: Sequelize {
      options: [Object],
      config: [Object],
      dialect: [MysqlDialect],
      queryInterface: [QueryInterface],
      models: [Object],
      modelManager: [ModelManager],
      connectionManager: [ConnectionManager],
      importCache: [Object],
      Op: [Object]
    },
    Redis: Redis {
      options: [Object],
      _events: [Object: null prototype] {},
      _eventsCount: 0,
      _maxListeners: undefined,
      scriptsSet: {},
      commandQueue: [Denque],
      offlineQueue: [Denque],
      connectionEpoch: 5,
      connector: [StandaloneConnector],
      retryAttempts: 5,
      status: 'reconnecting',
      condition: [Object],
      stream: [Socket],
      prevCondition: [Object],
      reconnectTimeout: Timeout {
        _idleTimeout: 250,
        _idlePrev: [TimersList],
        _idleNext: [TimersList],
        _idleStart: 1198,
        _onTimeout: [Function (anonymous)],
        _timerArgs: undefined,
        _repeat: null,
        _destroyed: false,
        [Symbol(refed)]: true,
        [Symbol(asyncId)]: 126,
        [Symbol(triggerId)]: 106
      },
      [Symbol(kCapture)]: false
    }
  },
  tasks: [],
  middlewares: [ { file: 'token', switch: true, TokenName: 'Auth-Token' } ],
  static: false,
  i18n: false,
  maintenance: false,
  ips: [],
  unips: [],
  closes: [],
  CONTROLLER_PATH: '/Users/Mark/mingou/controllers/application',
  TASK_PATH: '/Users/Mark/mingou/tasks/application',
  MIDDLEWARE_PATH: '/Users/Mark/mingou/middlewares/application',
  ROUTE_PATH: '/Users/Mark/mingou/routes/application',
  MESSAGE_PATH: '/Users/Mark/mingou/messages/application',
  LOG_PATH: '/Users/Mark/mingou/logs/application',
  STATIC_PATH: '/Users/Mark/mingou/public/application'
}
[2020-05-23T18:20:23.354] [WARN] server - Server Listening HTTP On port:6000
[2020-05-23T18:20:23.357] [WARN] server - {
  port: 6000,
  path: '/Users/Mark/mingou',
  subpath: 'application',
  proxy: true,
  outside: false,
  debug: true,
  cors: { origin: '*', maxAge: 3600 },
  log: { fileName: 'app', isCompress: false, keepDays: 30 },
  resources: {
    Mysql: Sequelize {
      options: [Object],
      config: [Object],
      dialect: [MysqlDialect],
      queryInterface: [QueryInterface],
      models: [Object],
      modelManager: [ModelManager],
      connectionManager: [ConnectionManager],
      importCache: [Object],
      Op: [Object]
    },
    Redis: Redis {
      options: [Object],
      _events: [Object: null prototype] {},
      _eventsCount: 0,
      _maxListeners: undefined,
      scriptsSet: {},
      commandQueue: [Denque],
      offlineQueue: [Denque],
      connectionEpoch: 3,
      connector: [StandaloneConnector],
      retryAttempts: 3,
      status: 'reconnecting',
      condition: [Object],
      stream: [Socket],
      prevCondition: [Object],
      reconnectTimeout: Timeout {
        _idleTimeout: 150,
        _idlePrev: [TimersList],
        _idleNext: [TimersList],
        _idleStart: 1194,
        _onTimeout: [Function (anonymous)],
        _timerArgs: undefined,
        _repeat: null,
        _destroyed: false,
        [Symbol(refed)]: true,
        [Symbol(asyncId)]: 128,
        [Symbol(triggerId)]: 90
      },
      [Symbol(kCapture)]: false
    }
  },
  tasks: [],
  middlewares: [ { file: 'token', switch: true, TokenName: 'Auth-Token' } ],
  static: false,
  i18n: false,
  maintenance: false,
  ips: [],
  unips: [],
  closes: [],
  CONTROLLER_PATH: '/Users/Mark/mingou/controllers/application',
  TASK_PATH: '/Users/Mark/mingou/tasks/application',
  MIDDLEWARE_PATH: '/Users/Mark/mingou/middlewares/application',
  ROUTE_PATH: '/Users/Mark/mingou/routes/application',
  MESSAGE_PATH: '/Users/Mark/mingou/messages/application',
  LOG_PATH: '/Users/Mark/mingou/logs/application',
  STATIC_PATH: '/Users/Mark/mingou/public/application'
}
[2020-05-23T18:21:13.440] [WARN] server - Server Listening HTTP On port:6000
[2020-05-23T18:21:13.443] [WARN] server - {
  port: 6000,
  path: '/Users/Mark/mingou',
  subpath: 'application',
  proxy: true,
  outside: false,
  debug: true,
  cors: { origin: '*', maxAge: 3600 },
  log: { fileName: 'app', isCompress: false, keepDays: 30 },
  resources: {
    Mysql: Sequelize {
      options: [Object],
      config: [Object],
      dialect: [MysqlDialect],
      queryInterface: [QueryInterface],
      models: [Object],
      modelManager: [ModelManager],
      connectionManager: [ConnectionManager],
      importCache: [Object],
      Op: [Object]
    },
    Redis: Redis {
      options: [Object],
      _events: [Object: null prototype] {},
      _eventsCount: 0,
      _maxListeners: undefined,
      scriptsSet: {},
      commandQueue: [Denque],
      offlineQueue: [Denque],
      connectionEpoch: 3,
      connector: [StandaloneConnector],
      retryAttempts: 3,
      status: 'reconnecting',
      condition: [Object],
      stream: [Socket],
      prevCondition: [Object],
      reconnectTimeout: Timeout {
        _idleTimeout: 150,
        _idlePrev: [TimersList],
        _idleNext: [TimersList],
        _idleStart: 920,
        _onTimeout: [Function (anonymous)],
        _timerArgs: undefined,
        _repeat: null,
        _destroyed: false,
        [Symbol(refed)]: true,
        [Symbol(asyncId)]: 114,
        [Symbol(triggerId)]: 84
      },
      [Symbol(kCapture)]: false
    }
  },
  tasks: [],
  middlewares: [ { file: 'token', switch: true, TokenName: 'Auth-Token' } ],
  static: false,
  i18n: false,
  maintenance: false,
  ips: [],
  unips: [],
  closes: [],
  CONTROLLER_PATH: '/Users/Mark/mingou/controllers/application',
  TASK_PATH: '/Users/Mark/mingou/tasks/application',
  MIDDLEWARE_PATH: '/Users/Mark/mingou/middlewares/application',
  ROUTE_PATH: '/Users/Mark/mingou/routes/application',
  MESSAGE_PATH: '/Users/Mark/mingou/messages/application',
  LOG_PATH: '/Users/Mark/mingou/logs/application',
  STATIC_PATH: '/Users/Mark/mingou/public/application'
}
[2020-05-23T18:54:18.561] [WARN] server - Server Listening HTTP On port:6000
[2020-05-23T18:54:18.565] [WARN] server - {
  port: 6000,
  path: '/Users/Mark/mingou',
  subpath: 'application',
  proxy: true,
  outside: false,
  debug: true,
  cors: { origin: '*', maxAge: 3600 },
  log: { fileName: 'app', isCompress: false, keepDays: 30 },
  resources: {
    Mysql: Sequelize {
      options: [Object],
      config: [Object],
      dialect: [MysqlDialect],
      queryInterface: [QueryInterface],
      models: [Object],
      modelManager: [ModelManager],
      connectionManager: [ConnectionManager],
      importCache: [Object],
      Op: [Object]
    },
    Redis: Redis {
      options: [Object],
      _events: [Object: null prototype] {},
      _eventsCount: 0,
      _maxListeners: undefined,
      scriptsSet: {},
      commandQueue: [Denque],
      offlineQueue: [Denque],
      connectionEpoch: 1,
      connector: [StandaloneConnector],
      retryAttempts: 0,
      status: 'ready',
      condition: [Object],
      stream: [Socket],
      serverInfo: [Object],
      [Symbol(kCapture)]: false
    }
  },
  tasks: [],
  middlewares: [ { file: 'token', switch: true, TokenName: 'Auth-Token' } ],
  static: false,
  i18n: false,
  maintenance: false,
  ips: [],
  unips: [],
  closes: [],
  CONTROLLER_PATH: '/Users/Mark/mingou/controllers/application',
  TASK_PATH: '/Users/Mark/mingou/tasks/application',
  MIDDLEWARE_PATH: '/Users/Mark/mingou/middlewares/application',
  ROUTE_PATH: '/Users/Mark/mingou/routes/application',
  MESSAGE_PATH: '/Users/Mark/mingou/messages/application',
  LOG_PATH: '/Users/Mark/mingou/logs/application',
  STATIC_PATH: '/Users/Mark/mingou/public/application'
}
