[2020-05-26T18:36:44.219] [WARN] server - Server Listening HTTP On port:8001
[2020-05-26T18:36:44.221] [WARN] server - {
  port: 8001,
  path: 'E:\\myRepository\\mingou',
  subpath: 'application',
  proxy: true,
  outside: false,
  debug: true,
  cors: { origin: '*', maxAge: 3600 },
  log: { fileName: 'app', isCompress: false, keepDays: 30 },
  resources: {
    Mysql: Sequelize {
      options: [Object],
      config: [Object],
      dialect: [MysqlDialect],
      queryInterface: [QueryInterface],
      models: [Object],
      modelManager: [ModelManager],
      connectionManager: [ConnectionManager],
      importCache: [Object],
      Op: [Object]
    },
    Redis: Redis {
      options: [Object],
      _events: [Object: null prototype] {},
      _eventsCount: 0,
      _maxListeners: undefined,
      scriptsSet: {},
      commandQueue: [Denque],
      offlineQueue: [Denque],
      connectionEpoch: 1,
      connector: [StandaloneConnector],
      retryAttempts: 0,
      status: 'ready',
      condition: [Object],
      stream: [Socket],
      serverInfo: [Object],
      [Symbol(kCapture)]: false
    }
  },
  tasks: [],
  middlewares: [ { file: 'token', switch: true, TokenName: 'Auth-Token' } ],
  static: false,
  i18n: false,
  maintenance: false,
  ips: [],
  unips: [],
  closes: [],
  CONTROLLER_PATH: 'E:\\myRepository\\mingou\\controllers\\application',
  TASK_PATH: 'E:\\myRepository\\mingou\\tasks\\application',
  MIDDLEWARE_PATH: 'E:\\myRepository\\mingou\\middlewares\\application',
  ROUTE_PATH: 'E:\\myRepository\\mingou\\routes\\application',
  MESSAGE_PATH: 'E:\\myRepository\\mingou\\messages\\application',
  LOG_PATH: 'E:\\myRepository\\mingou\\logs\\application',
  STATIC_PATH: 'E:\\myRepository\\mingou\\public\\application'
}
[2020-05-26T18:37:31.992] [WARN] server - Server Listening HTTP On port:8001
[2020-05-26T18:37:31.993] [WARN] server - {
  port: 8001,
  path: 'E:\\myRepository\\mingou',
  subpath: 'application',
  proxy: true,
  outside: false,
  debug: true,
  cors: { origin: '*', maxAge: 3600 },
  log: { fileName: 'app', isCompress: false, keepDays: 30 },
  resources: {
    Mysql: Sequelize {
      options: [Object],
      config: [Object],
      dialect: [MysqlDialect],
      queryInterface: [QueryInterface],
      models: [Object],
      modelManager: [ModelManager],
      connectionManager: [ConnectionManager],
      importCache: [Object],
      Op: [Object]
    },
    Redis: Redis {
      options: [Object],
      _events: [Object: null prototype] {},
      _eventsCount: 0,
      _maxListeners: undefined,
      scriptsSet: {},
      commandQueue: [Denque],
      offlineQueue: [Denque],
      connectionEpoch: 1,
      connector: [StandaloneConnector],
      retryAttempts: 0,
      status: 'ready',
      condition: [Object],
      stream: [Socket],
      serverInfo: [Object],
      [Symbol(kCapture)]: false
    }
  },
  tasks: [],
  middlewares: [ { file: 'token', switch: true, TokenName: 'Auth-Token' } ],
  static: false,
  i18n: false,
  maintenance: false,
  ips: [],
  unips: [],
  closes: [],
  CONTROLLER_PATH: 'E:\\myRepository\\mingou\\controllers\\application',
  TASK_PATH: 'E:\\myRepository\\mingou\\tasks\\application',
  MIDDLEWARE_PATH: 'E:\\myRepository\\mingou\\middlewares\\application',
  ROUTE_PATH: 'E:\\myRepository\\mingou\\routes\\application',
  MESSAGE_PATH: 'E:\\myRepository\\mingou\\messages\\application',
  LOG_PATH: 'E:\\myRepository\\mingou\\logs\\application',
  STATIC_PATH: 'E:\\myRepository\\mingou\\public\\application'
}
[2020-05-26T18:38:05.729] [WARN] server - Server Listening HTTP On port:8001
[2020-05-26T18:38:05.731] [WARN] server - {
  port: 8001,
  path: 'E:\\myRepository\\mingou',
  subpath: 'application',
  proxy: true,
  outside: false,
  debug: true,
  cors: { origin: '*', maxAge: 3600 },
  log: { fileName: 'app', isCompress: false, keepDays: 30 },
  resources: {
    Mysql: Sequelize {
      options: [Object],
      config: [Object],
      dialect: [MysqlDialect],
      queryInterface: [QueryInterface],
      models: [Object],
      modelManager: [ModelManager],
      connectionManager: [ConnectionManager],
      importCache: [Object],
      Op: [Object]
    },
    Redis: Redis {
      options: [Object],
      _events: [Object: null prototype] {},
      _eventsCount: 0,
      _maxListeners: undefined,
      scriptsSet: {},
      commandQueue: [Denque],
      offlineQueue: [Denque],
      connectionEpoch: 1,
      connector: [StandaloneConnector],
      retryAttempts: 0,
      status: 'ready',
      condition: [Object],
      stream: [Socket],
      serverInfo: [Object],
      [Symbol(kCapture)]: false
    }
  },
  tasks: [],
  middlewares: [ { file: 'token', switch: true, TokenName: 'Auth-Token' } ],
  static: false,
  i18n: false,
  maintenance: false,
  ips: [],
  unips: [],
  closes: [],
  CONTROLLER_PATH: 'E:\\myRepository\\mingou\\controllers\\application',
  TASK_PATH: 'E:\\myRepository\\mingou\\tasks\\application',
  MIDDLEWARE_PATH: 'E:\\myRepository\\mingou\\middlewares\\application',
  ROUTE_PATH: 'E:\\myRepository\\mingou\\routes\\application',
  MESSAGE_PATH: 'E:\\myRepository\\mingou\\messages\\application',
  LOG_PATH: 'E:\\myRepository\\mingou\\logs\\application',
  STATIC_PATH: 'E:\\myRepository\\mingou\\public\\application'
}
[2020-05-26T19:31:20.203] [WARN] server - Server Listening HTTP On port:8001
[2020-05-26T19:31:20.209] [WARN] server - {
  port: 8001,
  path: 'E:\\myRepository\\mingou',
  subpath: 'application',
  proxy: true,
  outside: false,
  debug: true,
  cors: { origin: '*', maxAge: 3600 },
  log: { fileName: 'app', isCompress: false, keepDays: 30 },
  resources: {
    Mysql: Sequelize {
      options: [Object],
      config: [Object],
      dialect: [MysqlDialect],
      queryInterface: [QueryInterface],
      models: [Object],
      modelManager: [ModelManager],
      connectionManager: [ConnectionManager],
      importCache: [Object],
      Op: [Object]
    },
    Redis: Redis {
      options: [Object],
      _events: [Object: null prototype] {},
      _eventsCount: 0,
      _maxListeners: undefined,
      scriptsSet: {},
      commandQueue: [Denque],
      offlineQueue: [Denque],
      connectionEpoch: 1,
      connector: [StandaloneConnector],
      retryAttempts: 0,
      status: 'ready',
      condition: [Object],
      stream: [Socket],
      serverInfo: [Object],
      [Symbol(kCapture)]: false
    }
  },
  tasks: [],
  middlewares: [ { file: 'token', switch: true, TokenName: 'Auth-Token' } ],
  static: false,
  i18n: false,
  maintenance: false,
  ips: [],
  unips: [],
  closes: [],
  CONTROLLER_PATH: 'E:\\myRepository\\mingou\\controllers\\application',
  TASK_PATH: 'E:\\myRepository\\mingou\\tasks\\application',
  MIDDLEWARE_PATH: 'E:\\myRepository\\mingou\\middlewares\\application',
  ROUTE_PATH: 'E:\\myRepository\\mingou\\routes\\application',
  MESSAGE_PATH: 'E:\\myRepository\\mingou\\messages\\application',
  LOG_PATH: 'E:\\myRepository\\mingou\\logs\\application',
  STATIC_PATH: 'E:\\myRepository\\mingou\\public\\application'
}
[2020-05-26T19:32:30.787] [WARN] server - Server Listening HTTP On port:8001
[2020-05-26T19:32:30.789] [WARN] server - {
  port: 8001,
  path: 'E:\\myRepository\\mingou',
  subpath: 'application',
  proxy: true,
  outside: false,
  debug: true,
  cors: { origin: '*', maxAge: 3600 },
  log: { fileName: 'app', isCompress: false, keepDays: 30 },
  resources: {
    Mysql: Sequelize {
      options: [Object],
      config: [Object],
      dialect: [MysqlDialect],
      queryInterface: [QueryInterface],
      models: [Object],
      modelManager: [ModelManager],
      connectionManager: [ConnectionManager],
      importCache: [Object],
      Op: [Object]
    },
    Redis: Redis {
      options: [Object],
      _events: [Object: null prototype] {},
      _eventsCount: 0,
      _maxListeners: undefined,
      scriptsSet: {},
      commandQueue: [Denque],
      offlineQueue: [Denque],
      connectionEpoch: 1,
      connector: [StandaloneConnector],
      retryAttempts: 0,
      status: 'ready',
      condition: [Object],
      stream: [Socket],
      serverInfo: [Object],
      [Symbol(kCapture)]: false
    }
  },
  tasks: [],
  middlewares: [ { file: 'token', switch: true, TokenName: 'Auth-Token' } ],
  static: false,
  i18n: false,
  maintenance: false,
  ips: [],
  unips: [],
  closes: [],
  CONTROLLER_PATH: 'E:\\myRepository\\mingou\\controllers\\application',
  TASK_PATH: 'E:\\myRepository\\mingou\\tasks\\application',
  MIDDLEWARE_PATH: 'E:\\myRepository\\mingou\\middlewares\\application',
  ROUTE_PATH: 'E:\\myRepository\\mingou\\routes\\application',
  MESSAGE_PATH: 'E:\\myRepository\\mingou\\messages\\application',
  LOG_PATH: 'E:\\myRepository\\mingou\\logs\\application',
  STATIC_PATH: 'E:\\myRepository\\mingou\\public\\application'
}
[2020-05-26T19:33:04.394] [WARN] response - *************DEBUG**************** 
time: 2020-5-26 19:33:04, /user/login operate POST request failed 
header info: {"host":"localhost:8001","connection":"keep-alive","content-length":"49","accept":"application/json, text/plain, */*","authorization":"6qsnFm/flwGNMcLv/P2yEu/9IhmPXerrz6x6BIeMswc/efwl3RAcxV0A8WZRlmvjA3iaVxaCb01N9giiCUJPlg==","user-agent":"Mozilla/5.0 (Windows NT 10.0; Win64; x64) AppleWebKit/537.36 (KHTML, like Gecko) Chrome/81.0.4044.92 Safari/537.36","content-type":"application/json;charset=UTF-8","origin":"http://localhost:3000","sec-fetch-site":"same-site","sec-fetch-mode":"cors","sec-fetch-dest":"empty","referer":"http://localhost:3000/login","accept-encoding":"gzip, deflate, br","accept-language":"zh-CN,zh;q=0.9"} 
request body info: {"userName":"帆帆帆帆","password":"qwer1234"} 
response info: {"code":11004,"message":"用户不存在","data":null,"error":"用户不存在"} 
error name: AppError 

[2020-05-26T19:34:01.966] [WARN] server - Server Listening HTTP On port:8001
[2020-05-26T19:34:01.968] [WARN] server - {
  port: 8001,
  path: 'E:\\myRepository\\mingou',
  subpath: 'application',
  proxy: true,
  outside: false,
  debug: true,
  cors: { origin: '*', maxAge: 3600 },
  log: { fileName: 'app', isCompress: false, keepDays: 30 },
  resources: {
    Mysql: Sequelize {
      options: [Object],
      config: [Object],
      dialect: [MysqlDialect],
      queryInterface: [QueryInterface],
      models: [Object],
      modelManager: [ModelManager],
      connectionManager: [ConnectionManager],
      importCache: [Object],
      Op: [Object]
    },
    Redis: Redis {
      options: [Object],
      _events: [Object: null prototype] {},
      _eventsCount: 0,
      _maxListeners: undefined,
      scriptsSet: {},
      commandQueue: [Denque],
      offlineQueue: [Denque],
      connectionEpoch: 1,
      connector: [StandaloneConnector],
      retryAttempts: 0,
      status: 'ready',
      condition: [Object],
      stream: [Socket],
      serverInfo: [Object],
      [Symbol(kCapture)]: false
    }
  },
  tasks: [],
  middlewares: [ { file: 'token', switch: true, TokenName: 'Auth-Token' } ],
  static: false,
  i18n: false,
  maintenance: false,
  ips: [],
  unips: [],
  closes: [],
  CONTROLLER_PATH: 'E:\\myRepository\\mingou\\controllers\\application',
  TASK_PATH: 'E:\\myRepository\\mingou\\tasks\\application',
  MIDDLEWARE_PATH: 'E:\\myRepository\\mingou\\middlewares\\application',
  ROUTE_PATH: 'E:\\myRepository\\mingou\\routes\\application',
  MESSAGE_PATH: 'E:\\myRepository\\mingou\\messages\\application',
  LOG_PATH: 'E:\\myRepository\\mingou\\logs\\application',
  STATIC_PATH: 'E:\\myRepository\\mingou\\public\\application'
}
[2020-05-26T19:34:52.665] [WARN] response - *************DEBUG**************** 
time: 2020-5-26 19:34:52, /user/getUserInfo operate POST request failed 
header info: {"host":"localhost:8001","connection":"keep-alive","content-length":"46","accept":"application/json, text/plain, */*","authorization":"WhJ8x4HRNZ1xnEnvibMyihAi6CylrE9akwY7qZ3/LwCQCTwbOQQ/1Ws0uhgG1pUkSsQQ8XM/pAd1yAMeyymIhQ==","user-agent":"Mozilla/5.0 (Windows NT 10.0; Win64; x64) AppleWebKit/537.36 (KHTML, like Gecko) Chrome/81.0.4044.92 Safari/537.36","content-type":"application/json;charset=UTF-8","origin":"http://localhost:3000","sec-fetch-site":"same-site","sec-fetch-mode":"cors","sec-fetch-dest":"empty","referer":"http://localhost:3000/login","accept-encoding":"gzip, deflate, br","accept-language":"zh-CN,zh;q=0.9"} 
request body info: {"userName":"呵呵256","password":"qwer1234"} 
response info: {"code":1301,"message":"请先登录","data":null,"error":"请先登录"} 
error name: AppError 

[2020-05-26T19:35:17.315] [WARN] response - *************DEBUG**************** 
time: 2020-5-26 19:35:17, /user/login operate POST request failed 
header info: {"host":"localhost:8001","connection":"keep-alive","content-length":"49","accept":"application/json, text/plain, */*","authorization":"WhJ8x4HRNZ1xnEnvibMyihAi6CylrE9akwY7qZ3/LwCQCTwbOQQ/1Ws0uhgG1pUkSsQQ8XM/pAd1yAMeyymIhQ==","user-agent":"Mozilla/5.0 (Windows NT 10.0; Win64; x64) AppleWebKit/537.36 (KHTML, like Gecko) Chrome/81.0.4044.92 Safari/537.36","content-type":"application/json;charset=UTF-8","origin":"http://localhost:3000","sec-fetch-site":"same-site","sec-fetch-mode":"cors","sec-fetch-dest":"empty","referer":"http://localhost:3000/login","accept-encoding":"gzip, deflate, br","accept-language":"zh-CN,zh;q=0.9"} 
request body info: {"userName":"帆帆帆帆","password":"qwer1234"} 
response info: {"code":11006,"message":"密码错误","data":null,"error":"密码错误"} 
error name: AppError 

