[2020-05-13T08:58:15.509] [WARN] server - Server Listening HTTP On port:6000
[2020-05-13T08:58:15.510] [WARN] server - {
  port: 6000,
  path: '/root/mingou',
  subpath: 'application',
  proxy: true,
  outside: false,
  debug: true,
  cors: { origin: '*', maxAge: 3600 },
  log: { fileName: 'app', isCompress: false, keepDays: 30 },
  resources: {
    Mysql: Sequelize {
      options: [Object],
      config: [Object],
      dialect: [MysqlDialect],
      queryInterface: [QueryInterface],
      models: [Object],
      modelManager: [ModelManager],
      connectionManager: [ConnectionManager],
      importCache: [Object],
      Op: [Object]
    },
    Redis: Redis {
      options: [Object],
      _events: [Object: null prototype] {},
      _eventsCount: 0,
      _maxListeners: undefined,
      scriptsSet: {},
      commandQueue: [Denque],
      offlineQueue: [Denque],
      connectionEpoch: 1,
      connector: [StandaloneConnector],
      retryAttempts: 1,
      status: 'reconnecting',
      condition: [Object],
      stream: [Socket],
      prevCondition: [Object],
      reconnectTimeout: Timeout {
        _idleTimeout: 50,
        _idlePrev: [TimersList],
        _idleNext: [TimersList],
        _idleStart: 565,
        _onTimeout: [Function],
        _timerArgs: undefined,
        _repeat: null,
        _destroyed: false,
        [Symbol(refed)]: true,
        [Symbol(asyncId)]: 42,
        [Symbol(triggerId)]: 20
      },
      [Symbol(kCapture)]: false
    }
  },
  tasks: [],
  middlewares: [ { file: 'token', switch: true, TokenName: 'Auth-Token' } ],
  static: false,
  i18n: false,
  maintenance: false,
  ips: [],
  unips: [],
  closes: [],
  CONTROLLER_PATH: '/root/mingou/controllers/application',
  TASK_PATH: '/root/mingou/tasks/application',
  MIDDLEWARE_PATH: '/root/mingou/middlewares/application',
  ROUTE_PATH: '/root/mingou/routes/application',
  MESSAGE_PATH: '/root/mingou/messages/application',
  LOG_PATH: '/root/mingou/logs/application',
  STATIC_PATH: '/root/mingou/public/application'
}
[2020-05-13T16:26:38.835] [WARN] server - Server Listening HTTP On port:6000
[2020-05-13T16:26:38.836] [WARN] server - {
  port: 6000,
  path: '/root/mingou',
  subpath: 'application',
  proxy: true,
  outside: false,
  debug: true,
  cors: { origin: '*', maxAge: 3600 },
  log: { fileName: 'app', isCompress: false, keepDays: 30 },
  resources: {
    Mysql: Sequelize {
      options: [Object],
      config: [Object],
      dialect: [MysqlDialect],
      queryInterface: [QueryInterface],
      models: [Object],
      modelManager: [ModelManager],
      connectionManager: [ConnectionManager],
      importCache: [Object],
      Op: [Object]
    },
    Redis: Redis {
      options: [Object],
      _events: [Object: null prototype] {},
      _eventsCount: 0,
      _maxListeners: undefined,
      scriptsSet: {},
      commandQueue: [Denque],
      offlineQueue: [Denque],
      connectionEpoch: 1,
      connector: [StandaloneConnector],
      retryAttempts: 0,
      status: 'ready',
      condition: [Object],
      stream: [Socket],
      serverInfo: [Object],
      [Symbol(kCapture)]: false
    }
  },
  tasks: [],
  middlewares: [ { file: 'token', switch: true, TokenName: 'Auth-Token' } ],
  static: false,
  i18n: false,
  maintenance: false,
  ips: [],
  unips: [],
  closes: [],
  CONTROLLER_PATH: '/root/mingou/controllers/application',
  TASK_PATH: '/root/mingou/tasks/application',
  MIDDLEWARE_PATH: '/root/mingou/middlewares/application',
  ROUTE_PATH: '/root/mingou/routes/application',
  MESSAGE_PATH: '/root/mingou/messages/application',
  LOG_PATH: '/root/mingou/logs/application',
  STATIC_PATH: '/root/mingou/public/application'
}
[2020-05-13T16:35:20.969] [WARN] server - Server Listening HTTP On port:6000
[2020-05-13T16:35:20.970] [WARN] server - {
  port: 6000,
  path: '/root/mingou',
  subpath: 'application',
  proxy: true,
  outside: false,
  debug: true,
  cors: { origin: '*', maxAge: 3600 },
  log: { fileName: 'app', isCompress: false, keepDays: 30 },
  resources: {
    Mysql: Sequelize {
      options: [Object],
      config: [Object],
      dialect: [MysqlDialect],
      queryInterface: [QueryInterface],
      models: [Object],
      modelManager: [ModelManager],
      connectionManager: [ConnectionManager],
      importCache: [Object],
      Op: [Object]
    },
    Redis: Redis {
      options: [Object],
      _events: [Object: null prototype] {},
      _eventsCount: 0,
      _maxListeners: undefined,
      scriptsSet: {},
      commandQueue: [Denque],
      offlineQueue: [Denque],
      connectionEpoch: 1,
      connector: [StandaloneConnector],
      retryAttempts: 0,
      status: 'ready',
      condition: [Object],
      stream: [Socket],
      serverInfo: [Object],
      [Symbol(kCapture)]: false
    }
  },
  tasks: [],
  middlewares: [ { file: 'token', switch: true, TokenName: 'Auth-Token' } ],
  static: false,
  i18n: false,
  maintenance: false,
  ips: [],
  unips: [],
  closes: [],
  CONTROLLER_PATH: '/root/mingou/controllers/application',
  TASK_PATH: '/root/mingou/tasks/application',
  MIDDLEWARE_PATH: '/root/mingou/middlewares/application',
  ROUTE_PATH: '/root/mingou/routes/application',
  MESSAGE_PATH: '/root/mingou/messages/application',
  LOG_PATH: '/root/mingou/logs/application',
  STATIC_PATH: '/root/mingou/public/application'
}
