[2020-06-07T10:42:03.860] [WARN] server - Server Listening HTTP On port:8001
[2020-06-07T10:42:03.862] [WARN] server - {
  port: 8001,
  path: '/Users/Mark/mingou',
  subpath: 'application',
  proxy: true,
  outside: false,
  debug: true,
  cors: { origin: '*', maxAge: 3600 },
  log: { fileName: 'app', isCompress: false, keepDays: 30 },
  resources: {
    Mysql: Sequelize {
      options: [Object],
      config: [Object],
      dialect: [MysqlDialect],
      queryInterface: [QueryInterface],
      models: [Object],
      modelManager: [ModelManager],
      connectionManager: [ConnectionManager],
      importCache: [Object],
      Op: [Object]
    },
    Redis: Redis {
      options: [Object],
      _events: [Object: null prototype] {},
      _eventsCount: 0,
      _maxListeners: undefined,
      scriptsSet: {},
      commandQueue: [Denque],
      offlineQueue: [Denque],
      connectionEpoch: 1,
      connector: [StandaloneConnector],
      retryAttempts: 0,
      status: 'ready',
      condition: [Object],
      stream: [Socket],
      serverInfo: [Object],
      [Symbol(kCapture)]: false
    }
  },
  tasks: [],
  middlewares: [ { file: 'token', switch: true, TokenName: 'Authorization' } ],
  static: false,
  i18n: false,
  maintenance: false,
  ips: [],
  unips: [],
  closes: [],
  CONTROLLER_PATH: '/Users/Mark/mingou/controllers/application',
  TASK_PATH: '/Users/Mark/mingou/tasks/application',
  MIDDLEWARE_PATH: '/Users/Mark/mingou/middlewares/application',
  ROUTE_PATH: '/Users/Mark/mingou/routes/application',
  MESSAGE_PATH: '/Users/Mark/mingou/messages/application',
  LOG_PATH: '/Users/Mark/mingou/logs/application',
  STATIC_PATH: '/Users/Mark/mingou/public/application'
}
[2020-06-07T10:42:47.802] [WARN] server - Server Listening HTTP On port:8001
[2020-06-07T10:42:47.805] [WARN] server - {
  port: 8001,
  path: '/Users/Mark/mingou',
  subpath: 'application',
  proxy: true,
  outside: false,
  debug: true,
  cors: { origin: '*', maxAge: 3600 },
  log: { fileName: 'app', isCompress: false, keepDays: 30 },
  resources: {
    Mysql: Sequelize {
      options: [Object],
      config: [Object],
      dialect: [MysqlDialect],
      queryInterface: [QueryInterface],
      models: [Object],
      modelManager: [ModelManager],
      connectionManager: [ConnectionManager],
      importCache: [Object],
      Op: [Object]
    },
    Redis: Redis {
      options: [Object],
      _events: [Object: null prototype] {},
      _eventsCount: 0,
      _maxListeners: undefined,
      scriptsSet: {},
      commandQueue: [Denque],
      offlineQueue: [Denque],
      connectionEpoch: 1,
      connector: [StandaloneConnector],
      retryAttempts: 0,
      status: 'ready',
      condition: [Object],
      stream: [Socket],
      serverInfo: [Object],
      [Symbol(kCapture)]: false
    }
  },
  tasks: [],
  middlewares: [ { file: 'token', switch: true, TokenName: 'Authorization' } ],
  static: false,
  i18n: false,
  maintenance: false,
  ips: [],
  unips: [],
  closes: [],
  CONTROLLER_PATH: '/Users/Mark/mingou/controllers/application',
  TASK_PATH: '/Users/Mark/mingou/tasks/application',
  MIDDLEWARE_PATH: '/Users/Mark/mingou/middlewares/application',
  ROUTE_PATH: '/Users/Mark/mingou/routes/application',
  MESSAGE_PATH: '/Users/Mark/mingou/messages/application',
  LOG_PATH: '/Users/Mark/mingou/logs/application',
  STATIC_PATH: '/Users/Mark/mingou/public/application'
}
[2020-06-07T10:50:13.331] [WARN] response - recv 404 request, path: /style/find, method: POST
[2020-06-07T10:50:13.334] [WARN] response - *************DEBUG**************** 
time: 2020/6/7 上午10:50:13, /style/find operate POST request failed 
header info: {"host":"localhost:8001","connection":"keep-alive","content-length":"15","accept":"application/json, text/plain, */*","authorization":"38VQKGjHojk+xEB6jJn2TzPD9ysf8JHDmgcyHtmZqUEm727XhMylaUF+loFpQN0w5SUs487lqczt/iJNNBLVQQ==","user-agent":"Mozilla/5.0 (Macintosh; Intel Mac OS X 10_14_2) AppleWebKit/537.36 (KHTML, like Gecko) Chrome/83.0.4103.61 Safari/537.36","content-type":"application/json;charset=UTF-8","origin":"http://localhost:3000","sec-fetch-site":"same-site","sec-fetch-mode":"cors","sec-fetch-dest":"empty","referer":"http://localhost:3000/house/:100/order","accept-encoding":"gzip, deflate, br","accept-language":"zh-CN,zh;q=0.9,en;q=0.8"} 
request body info: {"typeId":1001} 
response info: {"code":404,"message":"请求资源未找到","data":null,"error":"Not Found"} 
error name: NotFoundError 

[2020-06-07T10:50:13.335] [WARN] response - recv 404 request, path: /style/find, method: POST
[2020-06-07T10:50:13.335] [WARN] response - *************DEBUG**************** 
time: 2020/6/7 上午10:50:13, /style/find operate POST request failed 
header info: {"host":"localhost:8001","connection":"keep-alive","content-length":"15","accept":"application/json, text/plain, */*","authorization":"38VQKGjHojk+xEB6jJn2TzPD9ysf8JHDmgcyHtmZqUEm727XhMylaUF+loFpQN0w5SUs487lqczt/iJNNBLVQQ==","user-agent":"Mozilla/5.0 (Macintosh; Intel Mac OS X 10_14_2) AppleWebKit/537.36 (KHTML, like Gecko) Chrome/83.0.4103.61 Safari/537.36","content-type":"application/json;charset=UTF-8","origin":"http://localhost:3000","sec-fetch-site":"same-site","sec-fetch-mode":"cors","sec-fetch-dest":"empty","referer":"http://localhost:3000/house/:100/order","accept-encoding":"gzip, deflate, br","accept-language":"zh-CN,zh;q=0.9,en;q=0.8"} 
request body info: {"typeId":1001} 
response info: {"code":404,"message":"请求资源未找到","data":null,"error":"Not Found"} 
error name: NotFoundError 

[2020-06-07T11:25:15.595] [WARN] response - recv 404 request, path: /style/find, method: POST
[2020-06-07T11:25:15.596] [WARN] response - *************DEBUG**************** 
time: 2020/6/7 上午11:25:15, /style/find operate POST request failed 
header info: {"host":"localhost:8001","connection":"keep-alive","content-length":"15","accept":"application/json, text/plain, */*","authorization":"xnjU4Qrjtyhkv/ll1zmcJWHV/KfBA7/P7nfxMxU8nLKseKgzWtTcv1eBZzOCKi2zHXG/0/FU+7w1rvgfAw4PoQ==","user-agent":"Mozilla/5.0 (Macintosh; Intel Mac OS X 10_14_2) AppleWebKit/537.36 (KHTML, like Gecko) Chrome/83.0.4103.61 Safari/537.36","content-type":"application/json;charset=UTF-8","origin":"http://localhost:3000","sec-fetch-site":"same-site","sec-fetch-mode":"cors","sec-fetch-dest":"empty","referer":"http://localhost:3000/house/:100/order","accept-encoding":"gzip, deflate, br","accept-language":"zh-CN,zh;q=0.9,en;q=0.8"} 
request body info: {"typeId":1001} 
response info: {"code":404,"message":"请求资源未找到","data":null,"error":"Not Found"} 
error name: NotFoundError 

[2020-06-07T11:33:08.270] [WARN] server - Server Listening HTTP On port:8001
[2020-06-07T11:33:08.273] [WARN] server - {
  port: 8001,
  path: '/Users/Mark/mingou',
  subpath: 'application',
  proxy: true,
  outside: false,
  debug: true,
  cors: { origin: '*', maxAge: 3600 },
  log: { fileName: 'app', isCompress: false, keepDays: 30 },
  resources: {
    Mysql: Sequelize {
      options: [Object],
      config: [Object],
      dialect: [MysqlDialect],
      queryInterface: [QueryInterface],
      models: [Object],
      modelManager: [ModelManager],
      connectionManager: [ConnectionManager],
      importCache: [Object],
      Op: [Object]
    },
    Redis: Redis {
      options: [Object],
      _events: [Object: null prototype] {},
      _eventsCount: 0,
      _maxListeners: undefined,
      scriptsSet: {},
      commandQueue: [Denque],
      offlineQueue: [Denque],
      connectionEpoch: 1,
      connector: [StandaloneConnector],
      retryAttempts: 0,
      status: 'ready',
      condition: [Object],
      stream: [Socket],
      serverInfo: [Object],
      [Symbol(kCapture)]: false
    }
  },
  tasks: [],
  middlewares: [ { file: 'token', switch: true, TokenName: 'Authorization' } ],
  static: false,
  i18n: false,
  maintenance: false,
  ips: [],
  unips: [],
  closes: [],
  CONTROLLER_PATH: '/Users/Mark/mingou/controllers/application',
  TASK_PATH: '/Users/Mark/mingou/tasks/application',
  MIDDLEWARE_PATH: '/Users/Mark/mingou/middlewares/application',
  ROUTE_PATH: '/Users/Mark/mingou/routes/application',
  MESSAGE_PATH: '/Users/Mark/mingou/messages/application',
  LOG_PATH: '/Users/Mark/mingou/logs/application',
  STATIC_PATH: '/Users/Mark/mingou/public/application'
}
[2020-06-07T11:33:19.064] [WARN] response - recv 404 request, path: /style/find, method: POST
[2020-06-07T11:33:19.066] [WARN] response - *************DEBUG**************** 
time: 2020/6/7 上午11:33:19, /style/find operate POST request failed 
header info: {"host":"localhost:8001","connection":"keep-alive","content-length":"15","accept":"application/json, text/plain, */*","authorization":"xnjU4Qrjtyhkv/ll1zmcJWHV/KfBA7/P7nfxMxU8nLKseKgzWtTcv1eBZzOCKi2zHXG/0/FU+7w1rvgfAw4PoQ==","user-agent":"Mozilla/5.0 (Macintosh; Intel Mac OS X 10_14_2) AppleWebKit/537.36 (KHTML, like Gecko) Chrome/83.0.4103.61 Safari/537.36","content-type":"application/json;charset=UTF-8","origin":"http://localhost:3000","sec-fetch-site":"same-site","sec-fetch-mode":"cors","sec-fetch-dest":"empty","referer":"http://localhost:3000/house/:100/order","accept-encoding":"gzip, deflate, br","accept-language":"zh-CN,zh;q=0.9,en;q=0.8"} 
request body info: {"typeId":1001} 
response info: {"code":404,"message":"请求资源未找到","data":null,"error":"Not Found"} 
error name: NotFoundError 

[2020-06-07T11:33:19.074] [WARN] response - recv 404 request, path: /style/find, method: POST
[2020-06-07T11:33:19.075] [WARN] response - *************DEBUG**************** 
time: 2020/6/7 上午11:33:19, /style/find operate POST request failed 
header info: {"host":"localhost:8001","connection":"keep-alive","content-length":"15","accept":"application/json, text/plain, */*","authorization":"xnjU4Qrjtyhkv/ll1zmcJWHV/KfBA7/P7nfxMxU8nLKseKgzWtTcv1eBZzOCKi2zHXG/0/FU+7w1rvgfAw4PoQ==","user-agent":"Mozilla/5.0 (Macintosh; Intel Mac OS X 10_14_2) AppleWebKit/537.36 (KHTML, like Gecko) Chrome/83.0.4103.61 Safari/537.36","content-type":"application/json;charset=UTF-8","origin":"http://localhost:3000","sec-fetch-site":"same-site","sec-fetch-mode":"cors","sec-fetch-dest":"empty","referer":"http://localhost:3000/house/:100/order","accept-encoding":"gzip, deflate, br","accept-language":"zh-CN,zh;q=0.9,en;q=0.8"} 
request body info: {"typeId":1001} 
response info: {"code":404,"message":"请求资源未找到","data":null,"error":"Not Found"} 
error name: NotFoundError 

[2020-06-07T11:41:33.938] [WARN] server - Server Listening HTTP On port:8001
[2020-06-07T11:41:33.943] [WARN] server - {
  port: 8001,
  path: '/Users/Mark/mingou',
  subpath: 'application',
  proxy: true,
  outside: false,
  debug: true,
  cors: { origin: '*', maxAge: 3600 },
  log: { fileName: 'app', isCompress: false, keepDays: 30 },
  resources: {
    Mysql: Sequelize {
      options: [Object],
      config: [Object],
      dialect: [MysqlDialect],
      queryInterface: [QueryInterface],
      models: [Object],
      modelManager: [ModelManager],
      connectionManager: [ConnectionManager],
      importCache: [Object],
      Op: [Object]
    },
    Redis: Redis {
      options: [Object],
      _events: [Object: null prototype] {},
      _eventsCount: 0,
      _maxListeners: undefined,
      scriptsSet: {},
      commandQueue: [Denque],
      offlineQueue: [Denque],
      connectionEpoch: 1,
      connector: [StandaloneConnector],
      retryAttempts: 0,
      status: 'ready',
      condition: [Object],
      stream: [Socket],
      serverInfo: [Object],
      [Symbol(kCapture)]: false
    }
  },
  tasks: [],
  middlewares: [ { file: 'token', switch: true, TokenName: 'Authorization' } ],
  static: false,
  i18n: false,
  maintenance: false,
  ips: [],
  unips: [],
  closes: [],
  CONTROLLER_PATH: '/Users/Mark/mingou/controllers/application',
  TASK_PATH: '/Users/Mark/mingou/tasks/application',
  MIDDLEWARE_PATH: '/Users/Mark/mingou/middlewares/application',
  ROUTE_PATH: '/Users/Mark/mingou/routes/application',
  MESSAGE_PATH: '/Users/Mark/mingou/messages/application',
  LOG_PATH: '/Users/Mark/mingou/logs/application',
  STATIC_PATH: '/Users/Mark/mingou/public/application'
}
