[2020-05-31T08:12:29.642] [WARN] server - Server Listening HTTP On port:8001
[2020-05-31T08:12:29.651] [WARN] server - {
  port: 8001,
  path: '/Users/Mark/mingou',
  subpath: 'application',
  proxy: true,
  outside: false,
  debug: true,
  cors: { origin: '*', maxAge: 3600 },
  log: { fileName: 'app', isCompress: false, keepDays: 30 },
  resources: {
    Mysql: Sequelize {
      options: [Object],
      config: [Object],
      dialect: [MysqlDialect],
      queryInterface: [QueryInterface],
      models: [Object],
      modelManager: [ModelManager],
      connectionManager: [ConnectionManager],
      importCache: [Object],
      Op: [Object]
    },
    Redis: Redis {
      options: [Object],
      _events: [Object: null prototype] {},
      _eventsCount: 0,
      _maxListeners: undefined,
      scriptsSet: {},
      commandQueue: [Denque],
      offlineQueue: [Denque],
      connectionEpoch: 1,
      connector: [StandaloneConnector],
      retryAttempts: 0,
      status: 'ready',
      condition: [Object],
      stream: [Socket],
      serverInfo: [Object],
      [Symbol(kCapture)]: false
    }
  },
  tasks: [],
  middlewares: [ { file: 'token', switch: true, TokenName: 'Authorization' } ],
  static: false,
  i18n: false,
  maintenance: false,
  ips: [],
  unips: [],
  closes: [],
  CONTROLLER_PATH: '/Users/Mark/mingou/controllers/application',
  TASK_PATH: '/Users/Mark/mingou/tasks/application',
  MIDDLEWARE_PATH: '/Users/Mark/mingou/middlewares/application',
  ROUTE_PATH: '/Users/Mark/mingou/routes/application',
  MESSAGE_PATH: '/Users/Mark/mingou/messages/application',
  LOG_PATH: '/Users/Mark/mingou/logs/application',
  STATIC_PATH: '/Users/Mark/mingou/public/application'
}
[2020-05-31T08:15:42.498] [WARN] server - Server Listening HTTP On port:8001
[2020-05-31T08:15:42.501] [WARN] server - {
  port: 8001,
  path: '/Users/Mark/mingou',
  subpath: 'application',
  proxy: true,
  outside: false,
  debug: true,
  cors: { origin: '*', maxAge: 3600 },
  log: { fileName: 'app', isCompress: false, keepDays: 30 },
  resources: {
    Mysql: Sequelize {
      options: [Object],
      config: [Object],
      dialect: [MysqlDialect],
      queryInterface: [QueryInterface],
      models: [Object],
      modelManager: [ModelManager],
      connectionManager: [ConnectionManager],
      importCache: [Object],
      Op: [Object]
    },
    Redis: Redis {
      options: [Object],
      _events: [Object: null prototype] {},
      _eventsCount: 0,
      _maxListeners: undefined,
      scriptsSet: {},
      commandQueue: [Denque],
      offlineQueue: [Denque],
      connectionEpoch: 1,
      connector: [StandaloneConnector],
      retryAttempts: 0,
      status: 'ready',
      condition: [Object],
      stream: [Socket],
      serverInfo: [Object],
      [Symbol(kCapture)]: false
    }
  },
  tasks: [],
  middlewares: [ { file: 'token', switch: true, TokenName: 'Authorization' } ],
  static: false,
  i18n: false,
  maintenance: false,
  ips: [],
  unips: [],
  closes: [],
  CONTROLLER_PATH: '/Users/Mark/mingou/controllers/application',
  TASK_PATH: '/Users/Mark/mingou/tasks/application',
  MIDDLEWARE_PATH: '/Users/Mark/mingou/middlewares/application',
  ROUTE_PATH: '/Users/Mark/mingou/routes/application',
  MESSAGE_PATH: '/Users/Mark/mingou/messages/application',
  LOG_PATH: '/Users/Mark/mingou/logs/application',
  STATIC_PATH: '/Users/Mark/mingou/public/application'
}
[2020-05-31T09:13:36.727] [WARN] response - *************DEBUG**************** 
time: 2020/5/31 上午9:13:36, /user/logout operate POST request failed 
header info: {"host":"localhost:8001","connection":"keep-alive","content-length":"0","accept":"application/json, text/plain, */*","user-agent":"Mozilla/5.0 (Macintosh; Intel Mac OS X 10_14_2) AppleWebKit/537.36 (KHTML, like Gecko) Chrome/81.0.4044.138 Safari/537.36","origin":"http://localhost:3000","sec-fetch-site":"same-site","sec-fetch-mode":"cors","sec-fetch-dest":"empty","referer":"http://localhost:3000/house","accept-encoding":"gzip, deflate, br","accept-language":"zh-CN,zh;q=0.9,en;q=0.8"} 
request body info: {} 
response info: {"code":1301,"message":"请先登录","data":null,"error":"请先登录"} 
error name: AppError 

[2020-05-31T09:17:58.660] [WARN] response - *************DEBUG**************** 
time: 2020/5/31 上午9:17:58, /user/logout operate POST request failed 
header info: {"host":"localhost:8001","connection":"keep-alive","content-length":"0","accept":"application/json, text/plain, */*","user-agent":"Mozilla/5.0 (Macintosh; Intel Mac OS X 10_14_2) AppleWebKit/537.36 (KHTML, like Gecko) Chrome/81.0.4044.138 Safari/537.36","origin":"http://localhost:3000","sec-fetch-site":"same-site","sec-fetch-mode":"cors","sec-fetch-dest":"empty","referer":"http://localhost:3000/house","accept-encoding":"gzip, deflate, br","accept-language":"zh-CN,zh;q=0.9,en;q=0.8"} 
request body info: {} 
response info: {"code":1301,"message":"请先登录","data":null,"error":"请先登录"} 
error name: AppError 

[2020-05-31T09:24:28.681] [WARN] response - *************DEBUG**************** 
time: 2020/5/31 上午9:24:28, /user/logout operate POST request failed 
header info: {"host":"localhost:8001","connection":"keep-alive","content-length":"0","accept":"application/json, text/plain, */*","user-agent":"Mozilla/5.0 (Macintosh; Intel Mac OS X 10_14_2) AppleWebKit/537.36 (KHTML, like Gecko) Chrome/81.0.4044.138 Safari/537.36","origin":"http://localhost:3000","sec-fetch-site":"same-site","sec-fetch-mode":"cors","sec-fetch-dest":"empty","referer":"http://localhost:3000/house","accept-encoding":"gzip, deflate, br","accept-language":"zh-CN,zh;q=0.9,en;q=0.8"} 
request body info: {} 
response info: {"code":1301,"message":"请先登录","data":null,"error":"请先登录"} 
error name: AppError 

[2020-05-31T09:46:01.972] [WARN] server - Server Listening HTTP On port:8001
[2020-05-31T09:46:01.975] [WARN] server - {
  port: 8001,
  path: '/Users/Mark/mingou',
  subpath: 'application',
  proxy: true,
  outside: false,
  debug: true,
  cors: { origin: '*', maxAge: 3600 },
  log: { fileName: 'app', isCompress: false, keepDays: 30 },
  resources: {
    Mysql: Sequelize {
      options: [Object],
      config: [Object],
      dialect: [MysqlDialect],
      queryInterface: [QueryInterface],
      models: [Object],
      modelManager: [ModelManager],
      connectionManager: [ConnectionManager],
      importCache: [Object],
      Op: [Object]
    },
    Redis: Redis {
      options: [Object],
      _events: [Object: null prototype] {},
      _eventsCount: 0,
      _maxListeners: undefined,
      scriptsSet: {},
      commandQueue: [Denque],
      offlineQueue: [Denque],
      connectionEpoch: 1,
      connector: [StandaloneConnector],
      retryAttempts: 0,
      status: 'ready',
      condition: [Object],
      stream: [Socket],
      serverInfo: [Object],
      [Symbol(kCapture)]: false
    }
  },
  tasks: [],
  middlewares: [ { file: 'token', switch: true, TokenName: 'Authorization' } ],
  static: false,
  i18n: false,
  maintenance: false,
  ips: [],
  unips: [],
  closes: [],
  CONTROLLER_PATH: '/Users/Mark/mingou/controllers/application',
  TASK_PATH: '/Users/Mark/mingou/tasks/application',
  MIDDLEWARE_PATH: '/Users/Mark/mingou/middlewares/application',
  ROUTE_PATH: '/Users/Mark/mingou/routes/application',
  MESSAGE_PATH: '/Users/Mark/mingou/messages/application',
  LOG_PATH: '/Users/Mark/mingou/logs/application',
  STATIC_PATH: '/Users/Mark/mingou/public/application'
}
[2020-05-31T10:08:34.462] [WARN] server - Server Listening HTTP On port:8001
[2020-05-31T10:08:34.464] [WARN] server - {
  port: 8001,
  path: '/Users/Mark/mingou',
  subpath: 'application',
  proxy: true,
  outside: false,
  debug: true,
  cors: { origin: '*', maxAge: 3600 },
  log: { fileName: 'app', isCompress: false, keepDays: 30 },
  resources: {
    Mysql: Sequelize {
      options: [Object],
      config: [Object],
      dialect: [MysqlDialect],
      queryInterface: [QueryInterface],
      models: [Object],
      modelManager: [ModelManager],
      connectionManager: [ConnectionManager],
      importCache: [Object],
      Op: [Object]
    },
    Redis: Redis {
      options: [Object],
      _events: [Object: null prototype] {},
      _eventsCount: 0,
      _maxListeners: undefined,
      scriptsSet: {},
      commandQueue: [Denque],
      offlineQueue: [Denque],
      connectionEpoch: 1,
      connector: [StandaloneConnector],
      retryAttempts: 0,
      status: 'ready',
      condition: [Object],
      stream: [Socket],
      serverInfo: [Object],
      [Symbol(kCapture)]: false
    }
  },
  tasks: [],
  middlewares: [ { file: 'token', switch: true, TokenName: 'Authorization' } ],
  static: false,
  i18n: false,
  maintenance: false,
  ips: [],
  unips: [],
  closes: [],
  CONTROLLER_PATH: '/Users/Mark/mingou/controllers/application',
  TASK_PATH: '/Users/Mark/mingou/tasks/application',
  MIDDLEWARE_PATH: '/Users/Mark/mingou/middlewares/application',
  ROUTE_PATH: '/Users/Mark/mingou/routes/application',
  MESSAGE_PATH: '/Users/Mark/mingou/messages/application',
  LOG_PATH: '/Users/Mark/mingou/logs/application',
  STATIC_PATH: '/Users/Mark/mingou/public/application'
}
[2020-05-31T10:37:16.713] [WARN] server - Server Listening HTTP On port:8001
[2020-05-31T10:37:16.718] [WARN] server - {
  port: 8001,
  path: '/Users/Mark/mingou',
  subpath: 'application',
  proxy: true,
  outside: false,
  debug: true,
  cors: { origin: '*', maxAge: 3600 },
  log: { fileName: 'app', isCompress: false, keepDays: 30 },
  resources: {
    Mysql: Sequelize {
      options: [Object],
      config: [Object],
      dialect: [MysqlDialect],
      queryInterface: [QueryInterface],
      models: [Object],
      modelManager: [ModelManager],
      connectionManager: [ConnectionManager],
      importCache: [Object],
      Op: [Object]
    },
    Redis: Redis {
      options: [Object],
      _events: [Object: null prototype] {},
      _eventsCount: 0,
      _maxListeners: undefined,
      scriptsSet: {},
      commandQueue: [Denque],
      offlineQueue: [Denque],
      connectionEpoch: 1,
      connector: [StandaloneConnector],
      retryAttempts: 0,
      status: 'ready',
      condition: [Object],
      stream: [Socket],
      serverInfo: [Object],
      [Symbol(kCapture)]: false
    }
  },
  tasks: [],
  middlewares: [ { file: 'token', switch: true, TokenName: 'Authorization' } ],
  static: false,
  i18n: false,
  maintenance: false,
  ips: [],
  unips: [],
  closes: [],
  CONTROLLER_PATH: '/Users/Mark/mingou/controllers/application',
  TASK_PATH: '/Users/Mark/mingou/tasks/application',
  MIDDLEWARE_PATH: '/Users/Mark/mingou/middlewares/application',
  ROUTE_PATH: '/Users/Mark/mingou/routes/application',
  MESSAGE_PATH: '/Users/Mark/mingou/messages/application',
  LOG_PATH: '/Users/Mark/mingou/logs/application',
  STATIC_PATH: '/Users/Mark/mingou/public/application'
}
[2020-05-31T11:21:40.090] [WARN] server - Server Listening HTTP On port:8001
[2020-05-31T11:21:40.094] [WARN] server - {
  port: 8001,
  path: '/Users/Mark/mingou',
  subpath: 'application',
  proxy: true,
  outside: false,
  debug: true,
  cors: { origin: '*', maxAge: 3600 },
  log: { fileName: 'app', isCompress: false, keepDays: 30 },
  resources: {
    Mysql: Sequelize {
      options: [Object],
      config: [Object],
      dialect: [MysqlDialect],
      queryInterface: [QueryInterface],
      models: [Object],
      modelManager: [ModelManager],
      connectionManager: [ConnectionManager],
      importCache: [Object],
      Op: [Object]
    },
    Redis: Redis {
      options: [Object],
      _events: [Object: null prototype] {},
      _eventsCount: 0,
      _maxListeners: undefined,
      scriptsSet: {},
      commandQueue: [Denque],
      offlineQueue: [Denque],
      connectionEpoch: 1,
      connector: [StandaloneConnector],
      retryAttempts: 0,
      status: 'ready',
      condition: [Object],
      stream: [Socket],
      serverInfo: [Object],
      [Symbol(kCapture)]: false
    }
  },
  tasks: [],
  middlewares: [ { file: 'token', switch: true, TokenName: 'Authorization' } ],
  static: false,
  i18n: false,
  maintenance: false,
  ips: [],
  unips: [],
  closes: [],
  CONTROLLER_PATH: '/Users/Mark/mingou/controllers/application',
  TASK_PATH: '/Users/Mark/mingou/tasks/application',
  MIDDLEWARE_PATH: '/Users/Mark/mingou/middlewares/application',
  ROUTE_PATH: '/Users/Mark/mingou/routes/application',
  MESSAGE_PATH: '/Users/Mark/mingou/messages/application',
  LOG_PATH: '/Users/Mark/mingou/logs/application',
  STATIC_PATH: '/Users/Mark/mingou/public/application'
}
[2020-05-31T11:30:05.891] [WARN] server - Server Listening HTTP On port:8001
[2020-05-31T11:30:05.894] [WARN] server - {
  port: 8001,
  path: '/Users/Mark/mingou',
  subpath: 'application',
  proxy: true,
  outside: false,
  debug: true,
  cors: { origin: '*', maxAge: 3600 },
  log: { fileName: 'app', isCompress: false, keepDays: 30 },
  resources: {
    Mysql: Sequelize {
      options: [Object],
      config: [Object],
      dialect: [MysqlDialect],
      queryInterface: [QueryInterface],
      models: [Object],
      modelManager: [ModelManager],
      connectionManager: [ConnectionManager],
      importCache: [Object],
      Op: [Object]
    },
    Redis: Redis {
      options: [Object],
      _events: [Object: null prototype] {},
      _eventsCount: 0,
      _maxListeners: undefined,
      scriptsSet: {},
      commandQueue: [Denque],
      offlineQueue: [Denque],
      connectionEpoch: 1,
      connector: [StandaloneConnector],
      retryAttempts: 0,
      status: 'ready',
      condition: [Object],
      stream: [Socket],
      serverInfo: [Object],
      [Symbol(kCapture)]: false
    }
  },
  tasks: [],
  middlewares: [ { file: 'token', switch: true, TokenName: 'Authorization' } ],
  static: false,
  i18n: false,
  maintenance: false,
  ips: [],
  unips: [],
  closes: [],
  CONTROLLER_PATH: '/Users/Mark/mingou/controllers/application',
  TASK_PATH: '/Users/Mark/mingou/tasks/application',
  MIDDLEWARE_PATH: '/Users/Mark/mingou/middlewares/application',
  ROUTE_PATH: '/Users/Mark/mingou/routes/application',
  MESSAGE_PATH: '/Users/Mark/mingou/messages/application',
  LOG_PATH: '/Users/Mark/mingou/logs/application',
  STATIC_PATH: '/Users/Mark/mingou/public/application'
}
[2020-05-31T12:59:24.696] [WARN] response - *************DEBUG**************** 
time: 2020/5/31 下午12:59:24, /user/register operate POST request failed 
header info: {"host":"localhost:8001","connection":"keep-alive","content-length":"40","accept":"application/json, text/plain, */*","user-agent":"Mozilla/5.0 (Macintosh; Intel Mac OS X 10_14_2) AppleWebKit/537.36 (KHTML, like Gecko) Chrome/81.0.4044.138 Safari/537.36","content-type":"application/json;charset=UTF-8","origin":"http://localhost:3000","sec-fetch-site":"same-site","sec-fetch-mode":"cors","sec-fetch-dest":"empty","referer":"http://localhost:3000/login","accept-encoding":"gzip, deflate, br","accept-language":"zh-CN,zh;q=0.9,en;q=0.8"} 
request body info: {"userName":"lisi1","password":"123456"} 
response info: {"code":11004,"message":"注册失败","data":null,"error":"注册失败"} 
error name: AppError 

[2020-05-31T12:59:47.325] [WARN] response - *************DEBUG**************** 
time: 2020/5/31 下午12:59:47, /user/register operate POST request failed 
header info: {"host":"localhost:8001","connection":"keep-alive","content-length":"40","accept":"application/json, text/plain, */*","user-agent":"Mozilla/5.0 (Macintosh; Intel Mac OS X 10_14_2) AppleWebKit/537.36 (KHTML, like Gecko) Chrome/81.0.4044.138 Safari/537.36","content-type":"application/json;charset=UTF-8","origin":"http://localhost:3000","sec-fetch-site":"same-site","sec-fetch-mode":"cors","sec-fetch-dest":"empty","referer":"http://localhost:3000/login","accept-encoding":"gzip, deflate, br","accept-language":"zh-CN,zh;q=0.9,en;q=0.8"} 
request body info: {"userName":"lisi1","password":"123456"} 
response info: {"code":11004,"message":"注册失败","data":null,"error":"注册失败"} 
error name: AppError 

[2020-05-31T13:00:08.591] [WARN] response - *************DEBUG**************** 
time: 2020/5/31 下午1:00:08, /user/register operate POST request failed 
header info: {"host":"localhost:8001","connection":"keep-alive","content-length":"40","accept":"application/json, text/plain, */*","user-agent":"Mozilla/5.0 (Macintosh; Intel Mac OS X 10_14_2) AppleWebKit/537.36 (KHTML, like Gecko) Chrome/81.0.4044.138 Safari/537.36","content-type":"application/json;charset=UTF-8","origin":"http://localhost:3000","sec-fetch-site":"same-site","sec-fetch-mode":"cors","sec-fetch-dest":"empty","referer":"http://localhost:3000/login","accept-encoding":"gzip, deflate, br","accept-language":"zh-CN,zh;q=0.9,en;q=0.8"} 
request body info: {"userName":"lisi1","password":"123456"} 
response info: {"code":11004,"message":"注册失败","data":null,"error":"注册失败"} 
error name: AppError 

